<?xml version="1.0" encoding="UTF-8"?>
<!-- Generated by org.testng.reporters.JUnitReportReporter -->
<testsuite hostname="DESKTOP-RQA8NQN" failures="0" tests="1" name="tests.SeachResultTest" time="4.599" errors="0" timestamp="07 Apr 2022 22:31:30 GMT" skipped="0">
  <testcase classname="tests.SeachResultTest" name="SearchResultPage" time="4.599"/>
</testsuite> <!-- tests.SeachResultTest -->
