<?xml version="1.0" encoding="UTF-8"?>
<!-- Generated by org.testng.reporters.JUnitReportReporter -->
<testsuite hostname="DESKTOP-RQA8NQN" failures="0" tests="1" name="tests.CheckOutPageTest" time="70.404" errors="0" timestamp="07 Apr 2022 22:35:51 GMT" skipped="0">
  <testcase classname="tests.CheckOutPageTest" name="shippinPage" time="70.404"/>
</testsuite> <!-- tests.CheckOutPageTest -->
